2026-02-11 13:17:58,817 - INFO - Scholar scraping started
2026-02-11 13:18:02,134 - INFO - Scholar scraping started
2026-02-11 13:30:05,053 - INFO - Scholar scraping started
2026-02-11 22:54:47,805 - INFO - Scholar scraping started
2026-02-12 14:59:21,662 - INFO - Starting Scholar scrape for: Vadlana Baby
2026-02-12 14:59:48,934 - INFO - Starting Scholar scrape for: Vadlana Baby
2026-02-12 15:05:56,861 - INFO - Starting Scholar scrape for: Vadlana Baby
2026-02-12 15:06:00,459 - INFO - Google search submitted
2026-02-12 15:06:00,459 - INFO - Waiting 30 seconds for CAPTCHA solving if needed...
2026-02-12 15:06:30,460 - INFO - Locating Scholar profile link...
2026-02-12 15:06:30,690 - INFO - Profile found: https://scholar.google.com/citations?user=4N4iClkAAAAJ&hl=en
2026-02-12 15:06:34,833 - INFO - Loading all publications...
2026-02-12 15:06:34,854 - INFO - Scraping publication table...
2026-02-12 15:06:34,878 - INFO - Saving Excel output...
2026-02-12 15:06:36,143 - INFO - Saved successfully: C:/Users/Devil's Nest/OneDrive/Documents/VNR VJIET/YEAR-4/Major Project/Output\Vadlana_Baby_Scholar.xlsx
2026-02-12 15:07:36,806 - INFO - Starting Scholar scrape for: Vadlana Baby
2026-02-12 15:07:38,924 - INFO - Google search submitted
2026-02-12 15:07:38,924 - INFO - Waiting 30 seconds for CAPTCHA solving if needed...
2026-02-12 15:08:08,925 - INFO - Locating Scholar profile link...
2026-02-12 15:08:09,146 - INFO - Profile found: https://scholar.google.com/citations?user=4N4iClkAAAAJ&hl=en
2026-02-12 15:08:30,621 - INFO - Loading all publications...
2026-02-12 15:08:32,270 - INFO - Scraping publication table...
2026-02-12 15:08:39,139 - INFO - Saving Excel output...
2026-02-12 15:08:40,089 - INFO - Saved successfully: C:/Users/Devil's Nest/OneDrive/Documents/VNR VJIET/YEAR-4/Major Project/Output\Vadlana_Baby_Scholar.xlsx
2026-02-13 09:50:47,614 - INFO - Starting Scholar scrape for: Vadlana Baby
2026-02-13 09:50:48,678 - INFO - Google search submitted
2026-02-13 09:50:48,678 - INFO - Waiting 30 seconds for CAPTCHA solving if needed...
2026-02-13 09:51:18,679 - INFO - Locating Scholar profile link...
2026-02-13 09:51:19,109 - INFO - Profile found: https://scholar.google.com/citations?user=4N4iClkAAAAJ&hl=en
2026-02-13 09:51:42,731 - INFO - Loading all publications...
2026-02-13 09:51:44,388 - INFO - Scraping publication table...
2026-02-13 09:51:52,084 - INFO - Saving Excel output...
2026-02-13 09:51:53,433 - INFO - Saved successfully: C:/Users/Devil's Nest/OneDrive/Documents/VNR VJIET/YEAR-4/Major Project/Output\Vadlana_Baby_Scholar.xlsx
2026-02-13 10:24:57,682 - INFO - Starting Scholar scrape for: Vadlana Baby
2026-02-13 10:25:00,204 - INFO - Google search submitted
2026-02-13 10:25:00,205 - INFO - Waiting 30 seconds for CAPTCHA/manual solve...
2026-02-13 10:25:30,481 - INFO - Profile found: https://scholar.google.com/citations?user=4N4iClkAAAAJ&hl=en
2026-02-13 10:25:37,695 - INFO - Loading all publications...
2026-02-13 10:25:39,256 - INFO - Scraping publications table...
2026-02-13 10:25:49,104 - INFO - Excel saved: C:/Users/Devil's Nest/OneDrive/Documents/VNR VJIET/YEAR-4/Major Project/Output\Vadlana_Baby_Scholar.xlsx
2026-02-13 10:33:09,546 - INFO - Starting Scholar scrape for: Vadlana Baby
2026-02-13 10:33:11,952 - INFO - Google search submitted
2026-02-13 10:33:11,953 - INFO - Waiting 30 seconds for CAPTCHA/manual solve...
2026-02-13 10:33:42,112 - INFO - Profile found: https://scholar.google.com/citations?user=4N4iClkAAAAJ&hl=en
2026-02-13 10:33:49,479 - INFO - Loading all publications...
2026-02-13 10:33:51,017 - INFO - Scraping publications table...
2026-02-13 10:33:55,714 - INFO - Excel saved: C:/Users/Devil's Nest/OneDrive/Documents/VNR VJIET/YEAR-4/Major Project/Output\Vadlana_Baby_Scholar.xlsx
2026-02-13 22:18:46,617 - INFO - Starting Scholar scrape for: Vadlana Baby
2026-02-13 22:18:48,888 - INFO - Google search submitted
2026-02-13 22:18:48,888 - INFO - Waiting 30 seconds for CAPTCHA/manual solve...
2026-02-13 22:19:19,393 - INFO - Profile found: https://scholar.google.com/citations?user=4N4iClkAAAAJ&hl=en
2026-02-13 22:19:27,019 - INFO - Loading all publications...
2026-02-13 22:19:28,618 - INFO - Scraping publications table...
2026-02-13 22:19:42,483 - INFO - Excel saved: C:/Users/Devil's Nest/OneDrive/Documents/VNR VJIET/YEAR-4/Major Project/Output\Vadlana_Baby_Scholar.xlsx
2026-02-13 22:25:26,828 - INFO - Starting Scholar scrape for: Vadlana Baby
2026-02-13 22:25:32,088 - INFO - Google search submitted
2026-02-13 22:25:32,088 - INFO - Waiting 30 seconds for CAPTCHA/manual solve...
2026-02-13 22:26:02,355 - INFO - Profile found: https://scholar.google.com/citations?user=4N4iClkAAAAJ&hl=en
2026-02-13 22:26:11,193 - INFO - Loading all publications...
2026-02-13 22:26:12,798 - INFO - Scraping publications table...
2026-02-13 22:26:24,771 - INFO - Excel saved: C:/Users/Devil's Nest/OneDrive/Documents/VNR VJIET/YEAR-4/Major Project/Output\Vadlana_Baby_Scholar.xlsx
2026-02-13 23:05:34,818 - INFO - Starting Scholar scrape for: Vadlana Baby
2026-02-13 23:05:39,510 - INFO - Google search submitted
2026-02-13 23:05:39,511 - INFO - Waiting 30 seconds for CAPTCHA/manual solve...
2026-02-13 23:06:09,832 - INFO - Profile found: https://scholar.google.com/citations?user=4N4iClkAAAAJ&hl=en
2026-02-13 23:06:18,605 - INFO - Loading all publications...
2026-02-13 23:06:20,193 - INFO - Scraping publications table...
2026-02-13 23:06:32,151 - INFO - Excel saved: C:/Users/Devil's Nest/OneDrive/Documents/VNR VJIET/YEAR-4/Major Project/Output\Vadlana_Baby_Scholar.xlsx
2026-02-13 23:11:46,970 - INFO - Starting Scholar scrape for: Vadlana Baby
2026-02-13 23:11:51,125 - INFO - Google search submitted
2026-02-13 23:11:51,126 - INFO - Waiting 30 seconds for CAPTCHA/manual solve...
2026-02-13 23:12:21,468 - INFO - Profile found: https://scholar.google.com/citations?user=4N4iClkAAAAJ&hl=en
2026-02-13 23:12:30,340 - INFO - Loading all publications...
2026-02-13 23:12:31,927 - INFO - Scraping publications table...
2026-02-13 23:12:43,876 - INFO - Excel saved: C:/Users/Devil's Nest/OneDrive/Documents/VNR VJIET/YEAR-4/Major Project/Output\Vadlana_Baby_Scholar.xlsx
2026-02-13 23:16:26,981 - INFO - Starting Scholar scrape for: Vadlana Baby
2026-02-13 23:16:30,998 - INFO - Google search submitted
2026-02-13 23:16:30,999 - INFO - Waiting 30 seconds for CAPTCHA/manual solve...
2026-02-13 23:17:01,796 - INFO - Profile found: https://scholar.google.com/citations?user=4N4iClkAAAAJ&hl=en
2026-02-13 23:17:09,475 - INFO - Loading all publications...
2026-02-13 23:17:11,074 - INFO - Scraping publications table...
2026-02-13 23:17:21,912 - INFO - Excel saved: C:/Users/Devil's Nest/OneDrive/Documents/VNR VJIET/YEAR-4/Major Project/Output\Vadlana_Baby_Scholar.xlsx
2026-02-13 23:31:59,563 - INFO - Starting Scholar scrape for: Vadlana Baby
2026-02-13 23:32:03,916 - INFO - Google search submitted
2026-02-13 23:32:03,916 - INFO - Waiting 30 seconds for CAPTCHA/manual solve...
2026-02-13 23:32:34,296 - INFO - Profile found: https://scholar.google.com/citations?user=4N4iClkAAAAJ&hl=en
2026-02-13 23:32:41,881 - INFO - Loading all publications...
2026-02-13 23:32:43,474 - INFO - Scraping publications table...
2026-02-13 23:32:56,287 - INFO - Excel saved: C:/Users/Devil's Nest/OneDrive/Documents/VNR VJIET/YEAR-4/Major Project/Output\Vadlana_Baby_Scholar.xlsx
2026-02-13 23:35:48,547 - INFO - Starting Scholar scrape for: Vadlana Baby
2026-02-13 23:35:51,151 - INFO - Google search submitted
2026-02-13 23:35:51,151 - INFO - Waiting 30 seconds for CAPTCHA/manual solve...
2026-02-13 23:36:21,561 - INFO - Profile found: https://scholar.google.com/citations?user=4N4iClkAAAAJ&hl=en
2026-02-13 23:36:30,392 - INFO - Loading all publications...
2026-02-13 23:36:31,998 - INFO - Scraping publications table...
2026-02-13 23:36:45,289 - INFO - Excel saved: C:/Users/Devil's Nest/OneDrive/Documents/VNR VJIET/YEAR-4/Major Project/Output\Vadlana_Baby_Scholar.xlsx
